<?xml version="1.0" encoding="UTF-8"?>
<!-- Generated by org.testng.reporters.JUnitXMLReporter -->
<testsuite ignored="0" hostname="bruce" failures="0" tests="52" name="DDT" time="418.375" errors="0" timestamp="2024-04-16T08:19:02 IST">
  <testcase classname="TestClass.TC_DDT_SignUp_001" name="SignUpDDTesting" time="6.895"/>
  <testcase classname="TestClass.TC_DDT_SignUp_001" name="SignUpDDTesting" time="6.28"/>
  <testcase classname="TestClass.TC_DDT_SignUp_001" name="SignUpDDTesting" time="6.212"/>
  <testcase classname="TestClass.TC_DDT_SignUp_001" name="SignUpDDTesting" time="4.154"/>
  <testcase classname="TestClass.TC_DDT_SignUp_001" name="SignUpDDTesting" time="5.942"/>
  <testcase classname="TestClass.TC_DDT_SignUp_001" name="SignUpDDTesting" time="3.989"/>
  <testcase classname="TestClass.TC_DDT_SignUp_001" name="SignUpDDTesting" time="3.027"/>
  <testcase classname="TestClass.TC_DDT_SignUp_001" name="SignUpDDTesting" time="5.734"/>
  <testcase classname="TestClass.TC_DDT_SignUp_001" name="SignUpDDTesting" time="3.272"/>
  <testcase classname="TestClass.TC_DDT_SignUp_001" name="SignUpDDTesting" time="7.808"/>
  <testcase classname="TestClass.TC_DDT_SignUp_001" name="SignUpDDTesting" time="6.113"/>
  <testcase classname="TestClass.TC_DDT_SignUp_001" name="SignUpDDTesting" time="3.816"/>
  <testcase classname="TestClass.TC_DDT_SignUp_001" name="SignUpDDTesting" time="5.895"/>
  <testcase classname="TestClass.TC_DDT_SignUp_001" name="SignUpDDTesting" time="3.634"/>
  <testcase classname="TestClass.TC_DDT_SignUp_001" name="SignUpDDTesting" time="2.383"/>
  <testcase classname="TestClass.TC_DDT_SignUp_001" name="SignUpDDTesting" time="4.462"/>
  <testcase classname="TestClass.TC_DDT_SignUp_001" name="SignUpDDTesting" time="4.071"/>
  <testcase classname="TestClass.TC_DDT_SignUp_001" name="SignUpDDTesting" time="1.824"/>
  <testcase classname="TestClass.TC_DDT_SignUp_001" name="SignUpDDTesting" time="4.652"/>
  <testcase classname="TestClass.TC_DDT_SignUp_001" name="SignUpDDTesting" time="7.957"/>
  <testcase classname="TestClass.TC_DDT_SignUp_001" name="SignUpDDTesting" time="3.032"/>
  <testcase classname="TestClass.TC_DDT_SignUp_001" name="SignUpDDTesting" time="3.668"/>
  <testcase classname="TestClass.TC_DDT_SignUp_001" name="SignUpDDTesting" time="3.437"/>
  <testcase classname="TestClass.TC_DDT_SignUp_001" name="SignUpDDTesting" time="1.876"/>
  <testcase classname="TestClass.TC_DDT_SignUp_001" name="SignUpDDTesting" time="4.276"/>
  <testcase classname="TestClass.TC_DDT_SignUp_001" name="SignUpDDTesting" time="3.858"/>
  <testcase classname="TestClass.TC_DDT_SignUp_001" name="SignUpDDTesting" time="1.846"/>
  <testcase classname="TestClass.TC_DDT_SignUp_001" name="SignUpDDTesting" time="3.948"/>
  <testcase classname="TestClass.TC_DDT_SignUp_001" name="SignUpDDTesting" time="4.167"/>
  <testcase classname="TestClass.TC_DDT_SignUp_001" name="SignUpDDTesting" time="1.892"/>
  <testcase classname="TestClass.TC_DDT_SignUp_001" name="SignUpDDTesting" time="4.301"/>
  <testcase classname="TestClass.TC_DDT_SignUp_001" name="SignUpDDTesting" time="4.104"/>
  <testcase classname="TestClass.TC_DDT_SignUp_001" name="SignUpDDTesting" time="1.734"/>
  <testcase classname="TestClass.TC_DDT_SignUp_001" name="SignUpDDTesting" time="4.566"/>
  <testcase classname="TestClass.TC_DDT_SignUp_001" name="SignUpDDTesting" time="4.181"/>
  <testcase classname="TestClass.TC_DDT_SignUp_001" name="SignUpDDTesting" time="5.073"/>
  <testcase classname="TestClass.TC_DDT_SignUp_001" name="SignUpDDTesting" time="4.315"/>
  <testcase classname="TestClass.TC_DDT_SignUp_001" name="SignUpDDTesting" time="5.577"/>
  <testcase classname="TestClass.TC_DDT_SignUp_001" name="checkFormValidation" time="0.037"/>
  <testcase classname="TestClass.TC_SignIn_test_002" name="visibility_signBtn" time="0.079"/>
  <testcase classname="TestClass.TC_SignInDDT_003" name="SignUpDDTesting" time="4.052"/>
  <testcase classname="TestClass.TC_SignInDDT_003" name="SignUpDDTesting" time="4.245"/>
  <testcase classname="TestClass.TC_SignInDDT_003" name="SignUpDDTesting" time="3.003"/>
  <testcase classname="TestClass.TC_SignInDDT_003" name="SignUpDDTesting" time="33.442"/>
  <testcase classname="TestClass.TC_SignInDDT_003" name="SignUpDDTesting" time="31.667"/>
  <testcase classname="TestClass.TC_SignInDDT_003" name="SignUpDDTesting" time="1.624"/>
  <testcase classname="TestClass.TC_SignInDDT_003" name="SignUpDDTesting" time="3.382"/>
  <testcase classname="TestClass.TC_SignInwithValidCredentials_004" name="ValidCredentials" time="0.675"/>
  <testcase classname="TestClass.TC_FP_visiblityCheck_001" name="VisisblityTest" time="0.932"/>
  <testcase classname="TestClass.TC_FP_ResetPageVerification_002" name="PasswordResetPageVerification" time="6.897"/>
  <testcase classname="TestClass.TC_FP_OTP_InputFeild_003" name="OTP_inputFeild_Verification" time="12.372"/>
  <testcase classname="TestClass.TC_SignUp_ValidCredentails" name="ValidCredentailsSignUp" time="24.907"/>
</testsuite> <!-- DDT -->
