<?xml version="1.0" encoding="UTF-8"?>
<testng-results ignored="0" total="1" passed="1" failed="0" skipped="0">
  <reporter-output>
  </reporter-output>
  <suite started-at="2024-04-18T07:34:39 IST" name="Suite" finished-at="2024-04-18T07:34:44 IST" duration-ms="5352">
    <groups>
    </groups>
    <test started-at="2024-04-18T07:34:39 IST" name="DDT" finished-at="2024-04-18T07:34:44 IST" duration-ms="5352">
      <class name="TestClass.ErrorMessageValidation">
        <test-method is-config="true" signature="setUp(java.lang.String)[pri:0, instance:TestClass.ErrorMessageValidation@557caf28]" started-at="2024-04-18T07:34:39 IST" name="setUp" finished-at="2024-04-18T07:34:43 IST" duration-ms="4283" status="PASS">
          <params>
            <param index="0">
              <value>
                <![CDATA[chrome]]>
              </value>
            </param>
          </params>
          <reporter-output>
          </reporter-output>
        </test-method> <!-- setUp -->
        <test-method signature="ErrorValidationMessage()[pri:0, instance:TestClass.ErrorMessageValidation@557caf28]" started-at="2024-04-18T07:34:43 IST" name="ErrorValidationMessage" finished-at="2024-04-18T07:34:44 IST" duration-ms="996" status="PASS">
          <reporter-output>
          </reporter-output>
        </test-method> <!-- ErrorValidationMessage -->
      </class> <!-- TestClass.ErrorMessageValidation -->
    </test> <!-- DDT -->
  </suite> <!-- Suite -->
</testng-results>
