<?xml version="1.0" encoding="UTF-8"?>
<testng-results ignored="0" total="52" passed="52" failed="0" skipped="0">
  <reporter-output>
  </reporter-output>
  <suite started-at="2024-04-16T08:12:02 IST" name="Suite" finished-at="2024-04-16T08:19:00 IST" duration-ms="418375">
    <groups>
    </groups>
    <test started-at="2024-04-16T08:12:02 IST" name="DDT" finished-at="2024-04-16T08:19:00 IST" duration-ms="418375">
      <class name="TestClass.TC_DDT_SignUp_001">
        <test-method is-config="true" signature="setUp(java.lang.String)[pri:0, instance:TestClass.TC_DDT_SignUp_001@682b2fa]" started-at="2024-04-16T08:12:02 IST" name="setUp" finished-at="2024-04-16T08:12:15 IST" duration-ms="12675" status="PASS">
          <params>
            <param index="0">
              <value>
                <![CDATA[chrome]]>
              </value>
            </param>
          </params>
          <reporter-output>
          </reporter-output>
        </test-method> <!-- setUp -->
        <test-method signature="SignUpDDTesting(java.lang.String,java.lang.String,java.lang.String,java.lang.String,java.lang.String)[pri:0, instance:TestClass.TC_DDT_SignUp_001@682b2fa]" started-at="2024-04-16T08:12:38 IST" name="SignUpDDTesting" data-provider="SignUpData" finished-at="2024-04-16T08:12:45 IST" duration-ms="6895" status="PASS">
          <params>
            <param index="0">
              <value>
                <![CDATA[111111]]>
              </value>
            </param>
            <param index="1">
              <value>
                <![CDATA[a@vvaxddnq.mailosaur.net]]>
              </value>
            </param>
            <param index="2">
              <value>
                <![CDATA[2345436]]>
              </value>
            </param>
            <param index="3">
              <value>
                <![CDATA[34567891]]>
              </value>
            </param>
            <param index="4">
              <value>
                <![CDATA[34567891]]>
              </value>
            </param>
          </params>
          <reporter-output>
          </reporter-output>
        </test-method> <!-- SignUpDDTesting -->
        <test-method signature="SignUpDDTesting(java.lang.String,java.lang.String,java.lang.String,java.lang.String,java.lang.String)[pri:0, instance:TestClass.TC_DDT_SignUp_001@682b2fa]" started-at="2024-04-16T08:12:45 IST" name="SignUpDDTesting" data-provider="SignUpData" finished-at="2024-04-16T08:12:51 IST" duration-ms="6280" status="PASS">
          <params>
            <param index="0">
              <value>
                <![CDATA[abc]]>
              </value>
            </param>
            <param index="1">
              <value>
                <![CDATA[b@vvaxddnq.mailosaur.net]]>
              </value>
            </param>
            <param index="2">
              <value>
                <![CDATA[1234567]]>
              </value>
            </param>
            <param index="3">
              <value>
                <![CDATA[12345678]]>
              </value>
            </param>
            <param index="4">
              <value>
                <![CDATA[12345678]]>
              </value>
            </param>
          </params>
          <reporter-output>
          </reporter-output>
        </test-method> <!-- SignUpDDTesting -->
        <test-method signature="SignUpDDTesting(java.lang.String,java.lang.String,java.lang.String,java.lang.String,java.lang.String)[pri:0, instance:TestClass.TC_DDT_SignUp_001@682b2fa]" started-at="2024-04-16T08:12:51 IST" name="SignUpDDTesting" data-provider="SignUpData" finished-at="2024-04-16T08:12:58 IST" duration-ms="6212" status="PASS">
          <params>
            <param index="0">
              <value>
                <![CDATA[gokulavasa]]>
              </value>
            </param>
            <param index="1">
              <value>
                <![CDATA[a@vvaxddnq.mailosaur.net]]>
              </value>
            </param>
            <param index="2">
              <value>
                <![CDATA[123456]]>
              </value>
            </param>
            <param index="3">
              <value>
                <![CDATA[98765432]]>
              </value>
            </param>
            <param index="4">
              <value>
                <![CDATA[98765432]]>
              </value>
            </param>
          </params>
          <reporter-output>
          </reporter-output>
        </test-method> <!-- SignUpDDTesting -->
        <test-method signature="SignUpDDTesting(java.lang.String,java.lang.String,java.lang.String,java.lang.String,java.lang.String)[pri:0, instance:TestClass.TC_DDT_SignUp_001@682b2fa]" started-at="2024-04-16T08:12:58 IST" name="SignUpDDTesting" data-provider="SignUpData" finished-at="2024-04-16T08:13:02 IST" duration-ms="4154" status="PASS">
          <params>
            <param index="0">
              <value>
                <![CDATA[]]>
              </value>
            </param>
            <param index="1">
              <value>
                <![CDATA[c@vvaxddnq.mailosaur.net]]>
              </value>
            </param>
            <param index="2">
              <value>
                <![CDATA[111111]]>
              </value>
            </param>
            <param index="3">
              <value>
                <![CDATA[asdc34533]]>
              </value>
            </param>
            <param index="4">
              <value>
                <![CDATA[asdc34533]]>
              </value>
            </param>
          </params>
          <reporter-output>
          </reporter-output>
        </test-method> <!-- SignUpDDTesting -->
        <test-method signature="SignUpDDTesting(java.lang.String,java.lang.String,java.lang.String,java.lang.String,java.lang.String)[pri:0, instance:TestClass.TC_DDT_SignUp_001@682b2fa]" started-at="2024-04-16T08:13:02 IST" name="SignUpDDTesting" data-provider="SignUpData" finished-at="2024-04-16T08:13:08 IST" duration-ms="5942" status="PASS">
          <params>
            <param index="0">
              <value>
                <![CDATA[gok]]>
              </value>
            </param>
            <param index="1">
              <value>
                <![CDATA[x@vvaxddnq.mailosaur.net]]>
              </value>
            </param>
            <param index="2">
              <value>
                <![CDATA[11]]>
              </value>
            </param>
            <param index="3">
              <value>
                <![CDATA[fghrty123]]>
              </value>
            </param>
            <param index="4">
              <value>
                <![CDATA[fghrty123]]>
              </value>
            </param>
          </params>
          <reporter-output>
          </reporter-output>
        </test-method> <!-- SignUpDDTesting -->
        <test-method signature="SignUpDDTesting(java.lang.String,java.lang.String,java.lang.String,java.lang.String,java.lang.String)[pri:0, instance:TestClass.TC_DDT_SignUp_001@682b2fa]" started-at="2024-04-16T08:13:08 IST" name="SignUpDDTesting" data-provider="SignUpData" finished-at="2024-04-16T08:13:12 IST" duration-ms="3989" status="PASS">
          <params>
            <param index="0">
              <value>
                <![CDATA[har]]>
              </value>
            </param>
            <param index="1">
              <value>
                <![CDATA[y@vvaxddnq.mailosaur.net]]>
              </value>
            </param>
            <param index="2">
              <value>
                <![CDATA[1111]]>
              </value>
            </param>
            <param index="3">
              <value>
                <![CDATA[gkggkgkgkg]]>
              </value>
            </param>
            <param index="4">
              <value>
                <![CDATA[gkggkgkgkg]]>
              </value>
            </param>
          </params>
          <reporter-output>
          </reporter-output>
        </test-method> <!-- SignUpDDTesting -->
        <test-method signature="SignUpDDTesting(java.lang.String,java.lang.String,java.lang.String,java.lang.String,java.lang.String)[pri:0, instance:TestClass.TC_DDT_SignUp_001@682b2fa]" started-at="2024-04-16T08:13:12 IST" name="SignUpDDTesting" data-provider="SignUpData" finished-at="2024-04-16T08:13:15 IST" duration-ms="3027" status="PASS">
          <params>
            <param index="0">
              <value>
                <![CDATA[abcc]]>
              </value>
            </param>
            <param index="1">
              <value>
                <![CDATA[w@vvaxddnq.mailosaur.net]]>
              </value>
            </param>
            <param index="2">
              <value>
                <![CDATA[23456]]>
              </value>
            </param>
            <param index="3">
              <value>
                <![CDATA[fghrty123]]>
              </value>
            </param>
            <param index="4">
              <value>
                <![CDATA[fghrty123]]>
              </value>
            </param>
          </params>
          <reporter-output>
          </reporter-output>
        </test-method> <!-- SignUpDDTesting -->
        <test-method signature="SignUpDDTesting(java.lang.String,java.lang.String,java.lang.String,java.lang.String,java.lang.String)[pri:0, instance:TestClass.TC_DDT_SignUp_001@682b2fa]" started-at="2024-04-16T08:13:15 IST" name="SignUpDDTesting" data-provider="SignUpData" finished-at="2024-04-16T08:13:20 IST" duration-ms="5734" status="PASS">
          <params>
            <param index="0">
              <value>
                <![CDATA[go]]>
              </value>
            </param>
            <param index="1">
              <value>
                <![CDATA[q@vvaxddnq.mailosaur.net]]>
              </value>
            </param>
            <param index="2">
              <value>
                <![CDATA[6789]]>
              </value>
            </param>
            <param index="3">
              <value>
                <![CDATA[fghrty123]]>
              </value>
            </param>
            <param index="4">
              <value>
                <![CDATA[fghrty123]]>
              </value>
            </param>
          </params>
          <reporter-output>
          </reporter-output>
        </test-method> <!-- SignUpDDTesting -->
        <test-method signature="SignUpDDTesting(java.lang.String,java.lang.String,java.lang.String,java.lang.String,java.lang.String)[pri:0, instance:TestClass.TC_DDT_SignUp_001@682b2fa]" started-at="2024-04-16T08:13:20 IST" name="SignUpDDTesting" data-provider="SignUpData" finished-at="2024-04-16T08:13:24 IST" duration-ms="3272" status="PASS">
          <params>
            <param index="0">
              <value>
                <![CDATA[]]>
              </value>
            </param>
            <param index="1">
              <value>
                <![CDATA[v@vvaxddnq.mailosaur.net]]>
              </value>
            </param>
            <param index="2">
              <value>
                <![CDATA[11234]]>
              </value>
            </param>
            <param index="3">
              <value>
                <![CDATA[98765432]]>
              </value>
            </param>
            <param index="4">
              <value>
                <![CDATA[98765432]]>
              </value>
            </param>
          </params>
          <reporter-output>
          </reporter-output>
        </test-method> <!-- SignUpDDTesting -->
        <test-method signature="SignUpDDTesting(java.lang.String,java.lang.String,java.lang.String,java.lang.String,java.lang.String)[pri:0, instance:TestClass.TC_DDT_SignUp_001@682b2fa]" started-at="2024-04-16T08:13:24 IST" name="SignUpDDTesting" data-provider="SignUpData" finished-at="2024-04-16T08:13:32 IST" duration-ms="7808" status="PASS">
          <params>
            <param index="0">
              <value>
                <![CDATA[gok]]>
              </value>
            </param>
            <param index="1">
              <value>
                <![CDATA[v@vvaxddnq.mailosaur.net]]>
              </value>
            </param>
            <param index="2">
              <value>
                <![CDATA[11234]]>
              </value>
            </param>
            <param index="3">
              <value>
                <![CDATA[asdc34533]]>
              </value>
            </param>
            <param index="4">
              <value>
                <![CDATA[asdc34533]]>
              </value>
            </param>
          </params>
          <reporter-output>
          </reporter-output>
        </test-method> <!-- SignUpDDTesting -->
        <test-method signature="SignUpDDTesting(java.lang.String,java.lang.String,java.lang.String,java.lang.String,java.lang.String)[pri:0, instance:TestClass.TC_DDT_SignUp_001@682b2fa]" started-at="2024-04-16T08:13:32 IST" name="SignUpDDTesting" data-provider="SignUpData" finished-at="2024-04-16T08:13:38 IST" duration-ms="6113" status="PASS">
          <params>
            <param index="0">
              <value>
                <![CDATA[har]]>
              </value>
            </param>
            <param index="1">
              <value>
                <![CDATA[v@vvaxddnq.mailosaur.net]]>
              </value>
            </param>
            <param index="2">
              <value>
                <![CDATA[11234]]>
              </value>
            </param>
            <param index="3">
              <value>
                <![CDATA[12345678]]>
              </value>
            </param>
            <param index="4">
              <value>
                <![CDATA[12345678]]>
              </value>
            </param>
          </params>
          <reporter-output>
          </reporter-output>
        </test-method> <!-- SignUpDDTesting -->
        <test-method signature="SignUpDDTesting(java.lang.String,java.lang.String,java.lang.String,java.lang.String,java.lang.String)[pri:0, instance:TestClass.TC_DDT_SignUp_001@682b2fa]" started-at="2024-04-16T08:13:38 IST" name="SignUpDDTesting" data-provider="SignUpData" finished-at="2024-04-16T08:13:41 IST" duration-ms="3816" status="PASS">
          <params>
            <param index="0">
              <value>
                <![CDATA[abcc]]>
              </value>
            </param>
            <param index="1">
              <value>
                <![CDATA[v@vvaxddnq.mailosaur.net]]>
              </value>
            </param>
            <param index="2">
              <value>
                <![CDATA[11234]]>
              </value>
            </param>
            <param index="3">
              <value>
                <![CDATA[87654321]]>
              </value>
            </param>
            <param index="4">
              <value>
                <![CDATA[87654321]]>
              </value>
            </param>
          </params>
          <reporter-output>
          </reporter-output>
        </test-method> <!-- SignUpDDTesting -->
        <test-method signature="SignUpDDTesting(java.lang.String,java.lang.String,java.lang.String,java.lang.String,java.lang.String)[pri:0, instance:TestClass.TC_DDT_SignUp_001@682b2fa]" started-at="2024-04-16T08:13:41 IST" name="SignUpDDTesting" data-provider="SignUpData" finished-at="2024-04-16T08:13:47 IST" duration-ms="5895" status="PASS">
          <params>
            <param index="0">
              <value>
                <![CDATA[gok]]>
              </value>
            </param>
            <param index="1">
              <value>
                <![CDATA[v@vvaxddnq.mailosaur.net]]>
              </value>
            </param>
            <param index="2">
              <value>
                <![CDATA[11234]]>
              </value>
            </param>
            <param index="3">
              <value>
                <![CDATA[333@@@@@@]]>
              </value>
            </param>
            <param index="4">
              <value>
                <![CDATA[333@@@@@@]]>
              </value>
            </param>
          </params>
          <reporter-output>
          </reporter-output>
        </test-method> <!-- SignUpDDTesting -->
        <test-method signature="SignUpDDTesting(java.lang.String,java.lang.String,java.lang.String,java.lang.String,java.lang.String)[pri:0, instance:TestClass.TC_DDT_SignUp_001@682b2fa]" started-at="2024-04-16T08:13:47 IST" name="SignUpDDTesting" data-provider="SignUpData" finished-at="2024-04-16T08:13:51 IST" duration-ms="3634" status="PASS">
          <params>
            <param index="0">
              <value>
                <![CDATA[]]>
              </value>
            </param>
            <param index="1">
              <value>
                <![CDATA[v@vvaxddnq.mailosaur.net]]>
              </value>
            </param>
            <param index="2">
              <value>
                <![CDATA[11234]]>
              </value>
            </param>
            <param index="3">
              <value>
                <![CDATA[44434567]]>
              </value>
            </param>
            <param index="4">
              <value>
                <![CDATA[44434567]]>
              </value>
            </param>
          </params>
          <reporter-output>
          </reporter-output>
        </test-method> <!-- SignUpDDTesting -->
        <test-method signature="SignUpDDTesting(java.lang.String,java.lang.String,java.lang.String,java.lang.String,java.lang.String)[pri:0, instance:TestClass.TC_DDT_SignUp_001@682b2fa]" started-at="2024-04-16T08:13:51 IST" name="SignUpDDTesting" data-provider="SignUpData" finished-at="2024-04-16T08:13:53 IST" duration-ms="2383" status="PASS">
          <params>
            <param index="0">
              <value>
                <![CDATA[aviii]]>
              </value>
            </param>
            <param index="1">
              <value>
                <![CDATA[v@vvaxddnq.mailosaur.net]]>
              </value>
            </param>
            <param index="2">
              <value>
                <![CDATA[11234]]>
              </value>
            </param>
            <param index="3">
              <value>
                <![CDATA[]]>
              </value>
            </param>
            <param index="4">
              <value>
                <![CDATA[]]>
              </value>
            </param>
          </params>
          <reporter-output>
          </reporter-output>
        </test-method> <!-- SignUpDDTesting -->
        <test-method signature="SignUpDDTesting(java.lang.String,java.lang.String,java.lang.String,java.lang.String,java.lang.String)[pri:0, instance:TestClass.TC_DDT_SignUp_001@682b2fa]" started-at="2024-04-16T08:13:53 IST" name="SignUpDDTesting" data-provider="SignUpData" finished-at="2024-04-16T08:13:58 IST" duration-ms="4462" status="PASS">
          <params>
            <param index="0">
              <value>
                <![CDATA[haiii]]>
              </value>
            </param>
            <param index="1">
              <value>
                <![CDATA[v@vvaxddnq.mailosaur.net]]>
              </value>
            </param>
            <param index="2">
              <value>
                <![CDATA[6789]]>
              </value>
            </param>
            <param index="3">
              <value>
                <![CDATA[12345678]]>
              </value>
            </param>
            <param index="4">
              <value>
                <![CDATA[12345678]]>
              </value>
            </param>
          </params>
          <reporter-output>
          </reporter-output>
        </test-method> <!-- SignUpDDTesting -->
        <test-method signature="SignUpDDTesting(java.lang.String,java.lang.String,java.lang.String,java.lang.String,java.lang.String)[pri:0, instance:TestClass.TC_DDT_SignUp_001@682b2fa]" started-at="2024-04-16T08:13:58 IST" name="SignUpDDTesting" data-provider="SignUpData" finished-at="2024-04-16T08:14:02 IST" duration-ms="4071" status="PASS">
          <params>
            <param index="0">
              <value>
                <![CDATA[abcc]]>
              </value>
            </param>
            <param index="1">
              <value>
                <![CDATA[w@vvaxddnq.mailosaur.net]]>
              </value>
            </param>
            <param index="2">
              <value>
                <![CDATA[6789]]>
              </value>
            </param>
            <param index="3">
              <value>
                <![CDATA[87654321]]>
              </value>
            </param>
            <param index="4">
              <value>
                <![CDATA[87654321]]>
              </value>
            </param>
          </params>
          <reporter-output>
          </reporter-output>
        </test-method> <!-- SignUpDDTesting -->
        <test-method signature="SignUpDDTesting(java.lang.String,java.lang.String,java.lang.String,java.lang.String,java.lang.String)[pri:0, instance:TestClass.TC_DDT_SignUp_001@682b2fa]" started-at="2024-04-16T08:14:02 IST" name="SignUpDDTesting" data-provider="SignUpData" finished-at="2024-04-16T08:14:04 IST" duration-ms="1824" status="PASS">
          <params>
            <param index="0">
              <value>
                <![CDATA[gaa]]>
              </value>
            </param>
            <param index="1">
              <value>
                <![CDATA[q@vvaxddnq.mailosaur.net]]>
              </value>
            </param>
            <param index="2">
              <value>
                <![CDATA[6789]]>
              </value>
            </param>
            <param index="3">
              <value>
                <![CDATA[]]>
              </value>
            </param>
            <param index="4">
              <value>
                <![CDATA[]]>
              </value>
            </param>
          </params>
          <reporter-output>
          </reporter-output>
        </test-method> <!-- SignUpDDTesting -->
        <test-method signature="SignUpDDTesting(java.lang.String,java.lang.String,java.lang.String,java.lang.String,java.lang.String)[pri:0, instance:TestClass.TC_DDT_SignUp_001@682b2fa]" started-at="2024-04-16T08:14:04 IST" name="SignUpDDTesting" data-provider="SignUpData" finished-at="2024-04-16T08:14:08 IST" duration-ms="4652" status="PASS">
          <params>
            <param index="0">
              <value>
                <![CDATA[aviii]]>
              </value>
            </param>
            <param index="1">
              <value>
                <![CDATA[b@vvaxddnq.mailosaur.net]]>
              </value>
            </param>
            <param index="2">
              <value>
                <![CDATA[6789]]>
              </value>
            </param>
            <param index="3">
              <value>
                <![CDATA[44434567]]>
              </value>
            </param>
            <param index="4">
              <value>
                <![CDATA[44434567]]>
              </value>
            </param>
          </params>
          <reporter-output>
          </reporter-output>
        </test-method> <!-- SignUpDDTesting -->
        <test-method signature="SignUpDDTesting(java.lang.String,java.lang.String,java.lang.String,java.lang.String,java.lang.String)[pri:0, instance:TestClass.TC_DDT_SignUp_001@682b2fa]" started-at="2024-04-16T08:14:08 IST" name="SignUpDDTesting" data-provider="SignUpData" finished-at="2024-04-16T08:14:16 IST" duration-ms="7957" status="PASS">
          <params>
            <param index="0">
              <value>
                <![CDATA[nini]]>
              </value>
            </param>
            <param index="1">
              <value>
                <![CDATA[aaaa@vvaxddnq.mailosaur.net]]>
              </value>
            </param>
            <param index="2">
              <value>
                <![CDATA[12345678]]>
              </value>
            </param>
            <param index="3">
              <value>
                <![CDATA[444gg34567]]>
              </value>
            </param>
            <param index="4">
              <value>
                <![CDATA[444gg34567]]>
              </value>
            </param>
          </params>
          <reporter-output>
          </reporter-output>
        </test-method> <!-- SignUpDDTesting -->
        <test-method signature="SignUpDDTesting(java.lang.String,java.lang.String,java.lang.String,java.lang.String,java.lang.String)[pri:0, instance:TestClass.TC_DDT_SignUp_001@682b2fa]" started-at="2024-04-16T08:14:16 IST" name="SignUpDDTesting" data-provider="SignUpData" finished-at="2024-04-16T08:14:19 IST" duration-ms="3032" status="PASS">
          <params>
            <param index="0">
              <value>
                <![CDATA[kala]]>
              </value>
            </param>
            <param index="1">
              <value>
                <![CDATA[abcc@vvaxddnq.mailosaur.net]]>
              </value>
            </param>
            <param index="2">
              <value>
                <![CDATA[23456]]>
              </value>
            </param>
            <param index="3">
              <value>
                <![CDATA[444ff34567]]>
              </value>
            </param>
            <param index="4">
              <value>
                <![CDATA[444ff34567]]>
              </value>
            </param>
          </params>
          <reporter-output>
          </reporter-output>
        </test-method> <!-- SignUpDDTesting -->
        <test-method signature="SignUpDDTesting(java.lang.String,java.lang.String,java.lang.String,java.lang.String,java.lang.String)[pri:0, instance:TestClass.TC_DDT_SignUp_001@682b2fa]" started-at="2024-04-16T08:14:19 IST" name="SignUpDDTesting" data-provider="SignUpData" finished-at="2024-04-16T08:14:23 IST" duration-ms="3668" status="PASS">
          <params>
            <param index="0">
              <value>
                <![CDATA[]]>
              </value>
            </param>
            <param index="1">
              <value>
                <![CDATA[axcv@vvaxddnq.mailosaur.net]]>
              </value>
            </param>
            <param index="2">
              <value>
                <![CDATA[23456789]]>
              </value>
            </param>
            <param index="3">
              <value>
                <![CDATA[4443r457]]>
              </value>
            </param>
            <param index="4">
              <value>
                <![CDATA[4443r457]]>
              </value>
            </param>
          </params>
          <reporter-output>
          </reporter-output>
        </test-method> <!-- SignUpDDTesting -->
        <test-method signature="SignUpDDTesting(java.lang.String,java.lang.String,java.lang.String,java.lang.String,java.lang.String)[pri:0, instance:TestClass.TC_DDT_SignUp_001@682b2fa]" started-at="2024-04-16T08:14:23 IST" name="SignUpDDTesting" data-provider="SignUpData" finished-at="2024-04-16T08:14:27 IST" duration-ms="3437" status="PASS">
          <params>
            <param index="0">
              <value>
                <![CDATA[muthuuuuu]]>
              </value>
            </param>
            <param index="1">
              <value>
                <![CDATA[]]>
              </value>
            </param>
            <param index="2">
              <value>
                <![CDATA[1232123432]]>
              </value>
            </param>
            <param index="3">
              <value>
                <![CDATA[4443dd4567]]>
              </value>
            </param>
            <param index="4">
              <value>
                <![CDATA[4443dd4567]]>
              </value>
            </param>
          </params>
          <reporter-output>
          </reporter-output>
        </test-method> <!-- SignUpDDTesting -->
        <test-method signature="SignUpDDTesting(java.lang.String,java.lang.String,java.lang.String,java.lang.String,java.lang.String)[pri:0, instance:TestClass.TC_DDT_SignUp_001@682b2fa]" started-at="2024-04-16T08:14:27 IST" name="SignUpDDTesting" data-provider="SignUpData" finished-at="2024-04-16T08:14:28 IST" duration-ms="1876" status="PASS">
          <params>
            <param index="0">
              <value>
                <![CDATA[]]>
              </value>
            </param>
            <param index="1">
              <value>
                <![CDATA[aacqsw@vvaxddnq.mailosaur.net]]>
              </value>
            </param>
            <param index="2">
              <value>
                <![CDATA[9089076789]]>
              </value>
            </param>
            <param index="3">
              <value>
                <![CDATA[4443dd4567]]>
              </value>
            </param>
            <param index="4">
              <value>
                <![CDATA[4443dd4567]]>
              </value>
            </param>
          </params>
          <reporter-output>
          </reporter-output>
        </test-method> <!-- SignUpDDTesting -->
        <test-method signature="SignUpDDTesting(java.lang.String,java.lang.String,java.lang.String,java.lang.String,java.lang.String)[pri:0, instance:TestClass.TC_DDT_SignUp_001@682b2fa]" started-at="2024-04-16T08:14:28 IST" name="SignUpDDTesting" data-provider="SignUpData" finished-at="2024-04-16T08:14:33 IST" duration-ms="4276" status="PASS">
          <params>
            <param index="0">
              <value>
                <![CDATA[mann]]>
              </value>
            </param>
            <param index="1">
              <value>
                <![CDATA[awscd@vvaxddnq.mailosaur.net]]>
              </value>
            </param>
            <param index="2">
              <value>
                <![CDATA[]]>
              </value>
            </param>
            <param index="3">
              <value>
                <![CDATA[87654321]]>
              </value>
            </param>
            <param index="4">
              <value>
                <![CDATA[87654321]]>
              </value>
            </param>
          </params>
          <reporter-output>
          </reporter-output>
        </test-method> <!-- SignUpDDTesting -->
        <test-method signature="SignUpDDTesting(java.lang.String,java.lang.String,java.lang.String,java.lang.String,java.lang.String)[pri:0, instance:TestClass.TC_DDT_SignUp_001@682b2fa]" started-at="2024-04-16T08:14:33 IST" name="SignUpDDTesting" data-provider="SignUpData" finished-at="2024-04-16T08:14:37 IST" duration-ms="3858" status="PASS">
          <params>
            <param index="0">
              <value>
                <![CDATA[maa]]>
              </value>
            </param>
            <param index="1">
              <value>
                <![CDATA[aaaa@vvaxddnq.mailosaur.net]]>
              </value>
            </param>
            <param index="2">
              <value>
                <![CDATA[]]>
              </value>
            </param>
            <param index="3">
              <value>
                <![CDATA[8765432111]]>
              </value>
            </param>
            <param index="4">
              <value>
                <![CDATA[8765432111]]>
              </value>
            </param>
          </params>
          <reporter-output>
          </reporter-output>
        </test-method> <!-- SignUpDDTesting -->
        <test-method signature="SignUpDDTesting(java.lang.String,java.lang.String,java.lang.String,java.lang.String,java.lang.String)[pri:0, instance:TestClass.TC_DDT_SignUp_001@682b2fa]" started-at="2024-04-16T08:14:37 IST" name="SignUpDDTesting" data-provider="SignUpData" finished-at="2024-04-16T08:14:38 IST" duration-ms="1846" status="PASS">
          <params>
            <param index="0">
              <value>
                <![CDATA[maaaana]]>
              </value>
            </param>
            <param index="1">
              <value>
                <![CDATA[aazsx@vvaxddnq.mailosaur.net]]>
              </value>
            </param>
            <param index="2">
              <value>
                <![CDATA[]]>
              </value>
            </param>
            <param index="3">
              <value>
                <![CDATA[]]>
              </value>
            </param>
            <param index="4">
              <value>
                <![CDATA[]]>
              </value>
            </param>
          </params>
          <reporter-output>
          </reporter-output>
        </test-method> <!-- SignUpDDTesting -->
        <test-method signature="SignUpDDTesting(java.lang.String,java.lang.String,java.lang.String,java.lang.String,java.lang.String)[pri:0, instance:TestClass.TC_DDT_SignUp_001@682b2fa]" started-at="2024-04-16T08:14:38 IST" name="SignUpDDTesting" data-provider="SignUpData" finished-at="2024-04-16T08:14:42 IST" duration-ms="3948" status="PASS">
          <params>
            <param index="0">
              <value>
                <![CDATA[laaalaaa]]>
              </value>
            </param>
            <param index="1">
              <value>
                <![CDATA[]]>
              </value>
            </param>
            <param index="2">
              <value>
                <![CDATA[]]>
              </value>
            </param>
            <param index="3">
              <value>
                <![CDATA[sdfgrtyuytr]]>
              </value>
            </param>
            <param index="4">
              <value>
                <![CDATA[sdfgrtyuytr]]>
              </value>
            </param>
          </params>
          <reporter-output>
          </reporter-output>
        </test-method> <!-- SignUpDDTesting -->
        <test-method signature="SignUpDDTesting(java.lang.String,java.lang.String,java.lang.String,java.lang.String,java.lang.String)[pri:0, instance:TestClass.TC_DDT_SignUp_001@682b2fa]" started-at="2024-04-16T08:14:42 IST" name="SignUpDDTesting" data-provider="SignUpData" finished-at="2024-04-16T08:14:47 IST" duration-ms="4167" status="PASS">
          <params>
            <param index="0">
              <value>
                <![CDATA[koo]]>
              </value>
            </param>
            <param index="1">
              <value>
                <![CDATA[aaaa@vvaxddnq.mailosaur.net]]>
              </value>
            </param>
            <param index="2">
              <value>
                <![CDATA[8787676]]>
              </value>
            </param>
            <param index="3">
              <value>
                <![CDATA[sdfgrtyuytr]]>
              </value>
            </param>
            <param index="4">
              <value>
                <![CDATA[sdfgrtyuytr]]>
              </value>
            </param>
          </params>
          <reporter-output>
          </reporter-output>
        </test-method> <!-- SignUpDDTesting -->
        <test-method signature="SignUpDDTesting(java.lang.String,java.lang.String,java.lang.String,java.lang.String,java.lang.String)[pri:0, instance:TestClass.TC_DDT_SignUp_001@682b2fa]" started-at="2024-04-16T08:14:47 IST" name="SignUpDDTesting" data-provider="SignUpData" finished-at="2024-04-16T08:14:48 IST" duration-ms="1892" status="PASS">
          <params>
            <param index="0">
              <value>
                <![CDATA[]]>
              </value>
            </param>
            <param index="1">
              <value>
                <![CDATA[a@vvaxddnq.mailosaur.net]]>
              </value>
            </param>
            <param index="2">
              <value>
                <![CDATA[1]]>
              </value>
            </param>
            <param index="3">
              <value>
                <![CDATA[87654321]]>
              </value>
            </param>
            <param index="4">
              <value>
                <![CDATA[87654321]]>
              </value>
            </param>
          </params>
          <reporter-output>
          </reporter-output>
        </test-method> <!-- SignUpDDTesting -->
        <test-method signature="SignUpDDTesting(java.lang.String,java.lang.String,java.lang.String,java.lang.String,java.lang.String)[pri:0, instance:TestClass.TC_DDT_SignUp_001@682b2fa]" started-at="2024-04-16T08:14:48 IST" name="SignUpDDTesting" data-provider="SignUpData" finished-at="2024-04-16T08:14:53 IST" duration-ms="4301" status="PASS">
          <params>
            <param index="0">
              <value>
                <![CDATA[hh]]>
              </value>
            </param>
            <param index="1">
              <value>
                <![CDATA[b@vvaxddnq.mailosaur.net]]>
              </value>
            </param>
            <param index="2">
              <value>
                <![CDATA[23456]]>
              </value>
            </param>
            <param index="3">
              <value>
                <![CDATA[wds@1234]]>
              </value>
            </param>
            <param index="4">
              <value>
                <![CDATA[wds@1234]]>
              </value>
            </param>
          </params>
          <reporter-output>
          </reporter-output>
        </test-method> <!-- SignUpDDTesting -->
        <test-method signature="SignUpDDTesting(java.lang.String,java.lang.String,java.lang.String,java.lang.String,java.lang.String)[pri:0, instance:TestClass.TC_DDT_SignUp_001@682b2fa]" started-at="2024-04-16T08:14:53 IST" name="SignUpDDTesting" data-provider="SignUpData" finished-at="2024-04-16T08:14:57 IST" duration-ms="4104" status="PASS">
          <params>
            <param index="0">
              <value>
                <![CDATA[why]]>
              </value>
            </param>
            <param index="1">
              <value>
                <![CDATA[a@vvaxddnq.mailosaur.net]]>
              </value>
            </param>
            <param index="2">
              <value>
                <![CDATA[22345]]>
              </value>
            </param>
            <param index="3">
              <value>
                <![CDATA[44434567]]>
              </value>
            </param>
            <param index="4">
              <value>
                <![CDATA[44434567]]>
              </value>
            </param>
          </params>
          <reporter-output>
          </reporter-output>
        </test-method> <!-- SignUpDDTesting -->
        <test-method signature="SignUpDDTesting(java.lang.String,java.lang.String,java.lang.String,java.lang.String,java.lang.String)[pri:0, instance:TestClass.TC_DDT_SignUp_001@682b2fa]" started-at="2024-04-16T08:14:57 IST" name="SignUpDDTesting" data-provider="SignUpData" finished-at="2024-04-16T08:14:59 IST" duration-ms="1734" status="PASS">
          <params>
            <param index="0">
              <value>
                <![CDATA[uiiuiuiu]]>
              </value>
            </param>
            <param index="1">
              <value>
                <![CDATA[]]>
              </value>
            </param>
            <param index="2">
              <value>
                <![CDATA[234566]]>
              </value>
            </param>
            <param index="3">
              <value>
                <![CDATA[12345678]]>
              </value>
            </param>
            <param index="4">
              <value>
                <![CDATA[12345678]]>
              </value>
            </param>
          </params>
          <reporter-output>
          </reporter-output>
        </test-method> <!-- SignUpDDTesting -->
        <test-method signature="SignUpDDTesting(java.lang.String,java.lang.String,java.lang.String,java.lang.String,java.lang.String)[pri:0, instance:TestClass.TC_DDT_SignUp_001@682b2fa]" started-at="2024-04-16T08:14:59 IST" name="SignUpDDTesting" data-provider="SignUpData" finished-at="2024-04-16T08:15:03 IST" duration-ms="4566" status="PASS">
          <params>
            <param index="0">
              <value>
                <![CDATA[maa]]>
              </value>
            </param>
            <param index="1">
              <value>
                <![CDATA[x@vvaxddnq.mailosaur.net]]>
              </value>
            </param>
            <param index="2">
              <value>
                <![CDATA[234566]]>
              </value>
            </param>
            <param index="3">
              <value>
                <![CDATA[12345678]]>
              </value>
            </param>
            <param index="4">
              <value>
                <![CDATA[12345678]]>
              </value>
            </param>
          </params>
          <reporter-output>
          </reporter-output>
        </test-method> <!-- SignUpDDTesting -->
        <test-method signature="SignUpDDTesting(java.lang.String,java.lang.String,java.lang.String,java.lang.String,java.lang.String)[pri:0, instance:TestClass.TC_DDT_SignUp_001@682b2fa]" started-at="2024-04-16T08:15:03 IST" name="SignUpDDTesting" data-provider="SignUpData" finished-at="2024-04-16T08:15:07 IST" duration-ms="4181" status="PASS">
          <params>
            <param index="0">
              <value>
                <![CDATA[ma]]>
              </value>
            </param>
            <param index="1">
              <value>
                <![CDATA[aacqsw@vvaxddnq.mailosaur.net]]>
              </value>
            </param>
            <param index="2">
              <value>
                <![CDATA[234566]]>
              </value>
            </param>
            <param index="3">
              <value>
                <![CDATA[]]>
              </value>
            </param>
            <param index="4">
              <value>
                <![CDATA[]]>
              </value>
            </param>
          </params>
          <reporter-output>
          </reporter-output>
        </test-method> <!-- SignUpDDTesting -->
        <test-method signature="SignUpDDTesting(java.lang.String,java.lang.String,java.lang.String,java.lang.String,java.lang.String)[pri:0, instance:TestClass.TC_DDT_SignUp_001@682b2fa]" started-at="2024-04-16T08:15:07 IST" name="SignUpDDTesting" data-provider="SignUpData" finished-at="2024-04-16T08:15:12 IST" duration-ms="5073" status="PASS">
          <params>
            <param index="0">
              <value>
                <![CDATA[laa]]>
              </value>
            </param>
            <param index="1">
              <value>
                <![CDATA[awscd@vvaxddnq.mailosaur.net]]>
              </value>
            </param>
            <param index="2">
              <value>
                <![CDATA[234566]]>
              </value>
            </param>
            <param index="3">
              <value>
                <![CDATA[gokula@123]]>
              </value>
            </param>
            <param index="4">
              <value>
                <![CDATA[gokula@123]]>
              </value>
            </param>
          </params>
          <reporter-output>
          </reporter-output>
        </test-method> <!-- SignUpDDTesting -->
        <test-method signature="SignUpDDTesting(java.lang.String,java.lang.String,java.lang.String,java.lang.String,java.lang.String)[pri:0, instance:TestClass.TC_DDT_SignUp_001@682b2fa]" started-at="2024-04-16T08:15:12 IST" name="SignUpDDTesting" data-provider="SignUpData" finished-at="2024-04-16T08:15:17 IST" duration-ms="4315" status="PASS">
          <params>
            <param index="0">
              <value>
                <![CDATA[koa]]>
              </value>
            </param>
            <param index="1">
              <value>
                <![CDATA[abcc@vvaxddnq.mailosaur.net]]>
              </value>
            </param>
            <param index="2">
              <value>
                <![CDATA[234566]]>
              </value>
            </param>
            <param index="3">
              <value>
                <![CDATA[44434567]]>
              </value>
            </param>
            <param index="4">
              <value>
                <![CDATA[44434567]]>
              </value>
            </param>
          </params>
          <reporter-output>
          </reporter-output>
        </test-method> <!-- SignUpDDTesting -->
        <test-method signature="SignUpDDTesting(java.lang.String,java.lang.String,java.lang.String,java.lang.String,java.lang.String)[pri:0, instance:TestClass.TC_DDT_SignUp_001@682b2fa]" started-at="2024-04-16T08:15:17 IST" name="SignUpDDTesting" data-provider="SignUpData" finished-at="2024-04-16T08:15:22 IST" duration-ms="5577" status="PASS">
          <params>
            <param index="0">
              <value>
                <![CDATA[wedf]]>
              </value>
            </param>
            <param index="1">
              <value>
                <![CDATA[aazsx@vvaxddnq.mailosaur.net]]>
              </value>
            </param>
            <param index="2">
              <value>
                <![CDATA[234566]]>
              </value>
            </param>
            <param index="3">
              <value>
                <![CDATA[55500000]]>
              </value>
            </param>
            <param index="4">
              <value>
                <![CDATA[55500000]]>
              </value>
            </param>
          </params>
          <reporter-output>
          </reporter-output>
        </test-method> <!-- SignUpDDTesting -->
        <test-method signature="checkFormValidation()[pri:0, instance:TestClass.TC_DDT_SignUp_001@682b2fa]" started-at="2024-04-16T08:15:22 IST" name="checkFormValidation" finished-at="2024-04-16T08:15:22 IST" duration-ms="37" status="PASS">
          <reporter-output>
          </reporter-output>
        </test-method> <!-- checkFormValidation -->
      </class> <!-- TestClass.TC_DDT_SignUp_001 -->
      <class name="TestClass.TC_FP_OTP_InputFeild_003">
        <test-method is-config="true" signature="setUp(java.lang.String)[pri:0, instance:TestClass.TC_FP_OTP_InputFeild_003@1e800aaa]" started-at="2024-04-16T08:17:39 IST" name="setUp" finished-at="2024-04-16T08:18:01 IST" duration-ms="22054" status="PASS">
          <params>
            <param index="0">
              <value>
                <![CDATA[chrome]]>
              </value>
            </param>
          </params>
          <reporter-output>
          </reporter-output>
        </test-method> <!-- setUp -->
        <test-method signature="OTP_inputFeild_Verification()[pri:0, instance:TestClass.TC_FP_OTP_InputFeild_003@1e800aaa]" started-at="2024-04-16T08:18:01 IST" name="OTP_inputFeild_Verification" finished-at="2024-04-16T08:18:13 IST" duration-ms="12372" status="PASS">
          <reporter-output>
          </reporter-output>
        </test-method> <!-- OTP_inputFeild_Verification -->
      </class> <!-- TestClass.TC_FP_OTP_InputFeild_003 -->
      <class name="TestClass.TC_FP_ResetPageVerification_002">
        <test-method is-config="true" signature="setUp(java.lang.String)[pri:0, instance:TestClass.TC_FP_ResetPageVerification_002@5bda8e08]" started-at="2024-04-16T08:17:12 IST" name="setUp" finished-at="2024-04-16T08:17:32 IST" duration-ms="20053" status="PASS">
          <params>
            <param index="0">
              <value>
                <![CDATA[chrome]]>
              </value>
            </param>
          </params>
          <reporter-output>
          </reporter-output>
        </test-method> <!-- setUp -->
        <test-method signature="PasswordResetPageVerification()[pri:0, instance:TestClass.TC_FP_ResetPageVerification_002@5bda8e08]" started-at="2024-04-16T08:17:32 IST" name="PasswordResetPageVerification" finished-at="2024-04-16T08:17:39 IST" duration-ms="6897" status="PASS">
          <reporter-output>
          </reporter-output>
        </test-method> <!-- PasswordResetPageVerification -->
      </class> <!-- TestClass.TC_FP_ResetPageVerification_002 -->
      <class name="TestClass.TC_FP_visiblityCheck_001">
        <test-method is-config="true" signature="setUp(java.lang.String)[pri:0, instance:TestClass.TC_FP_visiblityCheck_001@3eb738bb]" started-at="2024-04-16T08:17:04 IST" name="setUp" finished-at="2024-04-16T08:17:11 IST" duration-ms="7011" status="PASS">
          <params>
            <param index="0">
              <value>
                <![CDATA[chrome]]>
              </value>
            </param>
          </params>
          <reporter-output>
          </reporter-output>
        </test-method> <!-- setUp -->
        <test-method signature="VisisblityTest()[pri:0, instance:TestClass.TC_FP_visiblityCheck_001@3eb738bb]" started-at="2024-04-16T08:17:11 IST" name="VisisblityTest" finished-at="2024-04-16T08:17:12 IST" duration-ms="932" status="PASS">
          <reporter-output>
          </reporter-output>
        </test-method> <!-- VisisblityTest -->
      </class> <!-- TestClass.TC_FP_visiblityCheck_001 -->
      <class name="TestClass.TC_SignIn_test_002">
        <test-method is-config="true" signature="setUp(java.lang.String)[pri:0, instance:TestClass.TC_SignIn_test_002@77c2494c]" started-at="2024-04-16T08:15:22 IST" name="setUp" finished-at="2024-04-16T08:15:29 IST" duration-ms="6334" status="PASS">
          <params>
            <param index="0">
              <value>
                <![CDATA[chrome]]>
              </value>
            </param>
          </params>
          <reporter-output>
          </reporter-output>
        </test-method> <!-- setUp -->
        <test-method signature="visibility_signBtn()[pri:0, instance:TestClass.TC_SignIn_test_002@77c2494c]" started-at="2024-04-16T08:15:29 IST" name="visibility_signBtn" finished-at="2024-04-16T08:15:29 IST" duration-ms="79" status="PASS">
          <reporter-output>
          </reporter-output>
        </test-method> <!-- visibility_signBtn -->
      </class> <!-- TestClass.TC_SignIn_test_002 -->
      <class name="TestClass.TC_SignUp_ValidCredentails">
        <test-method is-config="true" signature="setUp(java.lang.String)[pri:0, instance:TestClass.TC_SignUp_ValidCredentails@185a6e9]" started-at="2024-04-16T08:18:13 IST" name="setUp" finished-at="2024-04-16T08:18:35 IST" duration-ms="22367" status="PASS">
          <params>
            <param index="0">
              <value>
                <![CDATA[chrome]]>
              </value>
            </param>
          </params>
          <reporter-output>
          </reporter-output>
        </test-method> <!-- setUp -->
        <test-method signature="ValidCredentailsSignUp()[pri:0, instance:TestClass.TC_SignUp_ValidCredentails@185a6e9]" started-at="2024-04-16T08:18:35 IST" name="ValidCredentailsSignUp" finished-at="2024-04-16T08:19:00 IST" duration-ms="24907" status="PASS">
          <reporter-output>
          </reporter-output>
        </test-method> <!-- ValidCredentailsSignUp -->
      </class> <!-- TestClass.TC_SignUp_ValidCredentails -->
      <class name="TestClass.TC_SignInwithValidCredentials_004">
        <test-method is-config="true" signature="setUp(java.lang.String)[pri:0, instance:TestClass.TC_SignInwithValidCredentials_004@233795b6]" started-at="2024-04-16T08:16:58 IST" name="setUp" finished-at="2024-04-16T08:17:03 IST" duration-ms="5450" status="PASS">
          <params>
            <param index="0">
              <value>
                <![CDATA[chrome]]>
              </value>
            </param>
          </params>
          <reporter-output>
          </reporter-output>
        </test-method> <!-- setUp -->
        <test-method signature="ValidCredentials()[pri:0, instance:TestClass.TC_SignInwithValidCredentials_004@233795b6]" started-at="2024-04-16T08:17:03 IST" name="ValidCredentials" finished-at="2024-04-16T08:17:04 IST" duration-ms="675" status="PASS">
          <reporter-output>
          </reporter-output>
        </test-method> <!-- ValidCredentials -->
      </class> <!-- TestClass.TC_SignInwithValidCredentials_004 -->
      <class name="TestClass.TC_SignInDDT_003">
        <test-method is-config="true" signature="setUp(java.lang.String)[pri:0, instance:TestClass.TC_SignInDDT_003@f5958c9]" started-at="2024-04-16T08:15:29 IST" name="setUp" finished-at="2024-04-16T08:15:34 IST" duration-ms="5517" status="PASS">
          <params>
            <param index="0">
              <value>
                <![CDATA[chrome]]>
              </value>
            </param>
          </params>
          <reporter-output>
          </reporter-output>
        </test-method> <!-- setUp -->
        <test-method signature="SignUpDDTesting(java.lang.String,java.lang.String)[pri:0, instance:TestClass.TC_SignInDDT_003@f5958c9]" started-at="2024-04-16T08:15:36 IST" name="SignUpDDTesting" data-provider="SignUpData" finished-at="2024-04-16T08:15:40 IST" duration-ms="4052" status="PASS">
          <params>
            <param index="0">
              <value>
                <![CDATA[gokulavasanravi@gmail.com]]>
              </value>
            </param>
            <param index="1">
              <value>
                <![CDATA[11]]>
              </value>
            </param>
          </params>
          <reporter-output>
          </reporter-output>
        </test-method> <!-- SignUpDDTesting -->
        <test-method signature="SignUpDDTesting(java.lang.String,java.lang.String)[pri:0, instance:TestClass.TC_SignInDDT_003@f5958c9]" started-at="2024-04-16T08:15:40 IST" name="SignUpDDTesting" data-provider="SignUpData" finished-at="2024-04-16T08:15:44 IST" duration-ms="4245" status="PASS">
          <params>
            <param index="0">
              <value>
                <![CDATA[gokulavasanravi@gmail.com]]>
              </value>
            </param>
            <param index="1">
              <value>
                <![CDATA[88888888]]>
              </value>
            </param>
          </params>
          <reporter-output>
          </reporter-output>
        </test-method> <!-- SignUpDDTesting -->
        <test-method signature="SignUpDDTesting(java.lang.String,java.lang.String)[pri:0, instance:TestClass.TC_SignInDDT_003@f5958c9]" started-at="2024-04-16T08:15:44 IST" name="SignUpDDTesting" data-provider="SignUpData" finished-at="2024-04-16T08:15:47 IST" duration-ms="3003" status="PASS">
          <params>
            <param index="0">
              <value>
                <![CDATA[gokulavasanravi@gmail.com]]>
              </value>
            </param>
            <param index="1">
              <value>
                <![CDATA[]]>
              </value>
            </param>
          </params>
          <reporter-output>
          </reporter-output>
        </test-method> <!-- SignUpDDTesting -->
        <test-method signature="SignUpDDTesting(java.lang.String,java.lang.String)[pri:0, instance:TestClass.TC_SignInDDT_003@f5958c9]" started-at="2024-04-16T08:15:47 IST" name="SignUpDDTesting" data-provider="SignUpData" finished-at="2024-04-16T08:16:21 IST" duration-ms="33442" status="PASS">
          <params>
            <param index="0">
              <value>
                <![CDATA[gk@gmail.com]]>
              </value>
            </param>
            <param index="1">
              <value>
                <![CDATA[111]]>
              </value>
            </param>
          </params>
          <reporter-output>
          </reporter-output>
        </test-method> <!-- SignUpDDTesting -->
        <test-method signature="SignUpDDTesting(java.lang.String,java.lang.String)[pri:0, instance:TestClass.TC_SignInDDT_003@f5958c9]" started-at="2024-04-16T08:16:21 IST" name="SignUpDDTesting" data-provider="SignUpData" finished-at="2024-04-16T08:16:52 IST" duration-ms="31667" status="PASS">
          <params>
            <param index="0">
              <value>
                <![CDATA[gkb@gmail.com]]>
              </value>
            </param>
            <param index="1">
              <value>
                <![CDATA[11111111]]>
              </value>
            </param>
          </params>
          <reporter-output>
          </reporter-output>
        </test-method> <!-- SignUpDDTesting -->
        <test-method signature="SignUpDDTesting(java.lang.String,java.lang.String)[pri:0, instance:TestClass.TC_SignInDDT_003@f5958c9]" started-at="2024-04-16T08:16:52 IST" name="SignUpDDTesting" data-provider="SignUpData" finished-at="2024-04-16T08:16:54 IST" duration-ms="1624" status="PASS">
          <params>
            <param index="0">
              <value>
                <![CDATA[gokulavasanravi@gmail.com]]>
              </value>
            </param>
            <param index="1">
              <value>
                <![CDATA[11]]>
              </value>
            </param>
          </params>
          <reporter-output>
          </reporter-output>
        </test-method> <!-- SignUpDDTesting -->
        <test-method signature="SignUpDDTesting(java.lang.String,java.lang.String)[pri:0, instance:TestClass.TC_SignInDDT_003@f5958c9]" started-at="2024-04-16T08:16:54 IST" name="SignUpDDTesting" data-provider="SignUpData" finished-at="2024-04-16T08:16:58 IST" duration-ms="3382" status="PASS">
          <params>
            <param index="0">
              <value>
                <![CDATA[gokulavasanravi@gmail.com]]>
              </value>
            </param>
            <param index="1">
              <value>
                <![CDATA[88888888]]>
              </value>
            </param>
          </params>
          <reporter-output>
          </reporter-output>
        </test-method> <!-- SignUpDDTesting -->
      </class> <!-- TestClass.TC_SignInDDT_003 -->
    </test> <!-- DDT -->
  </suite> <!-- Suite -->
</testng-results>
